[debug] [2025-06-11T20:47:56.017Z] ----------------------------------------------------------------------
[debug] [2025-06-11T20:47:56.032Z] Command:       C:\Program Files\nodejs\node.exe C:\Users\Minh Tran\AppData\Roaming\npm\node_modules\firebase-tools\lib\bin\firebase.js apphosting:backends:create --project deemcafe-223
[debug] [2025-06-11T20:47:56.034Z] CLI Version:   14.6.0
[debug] [2025-06-11T20:47:56.034Z] Platform:      win32
[debug] [2025-06-11T20:47:56.034Z] Node Version:  v21.6.0
[debug] [2025-06-11T20:47:56.036Z] Time:          Wed Jun 11 2025 15:47:56 GMT-0500 (Central Daylight Time)
[debug] [2025-06-11T20:47:56.037Z] ----------------------------------------------------------------------
[debug] 
[debug] [2025-06-11T20:47:56.043Z] >>> [apiv2][query] GET https://firebase-public.firebaseio.com/cli.json [none]
[debug] [2025-06-11T20:47:56.244Z] > command requires scopes: ["email","openid","https://www.googleapis.com/auth/cloudplatformprojects.readonly","https://www.googleapis.com/auth/firebase","https://www.googleapis.com/auth/cloud-platform"]
[debug] [2025-06-11T20:47:56.246Z] > authorizing via signed-in user (tranhoangminh160@gmail.com)
[debug] [2025-06-11T20:47:56.248Z] Checked if tokens are valid: false, expires at: 1734324881321
[debug] [2025-06-11T20:47:56.249Z] Checked if tokens are valid: false, expires at: 1734324881321
[debug] [2025-06-11T20:47:56.250Z] > refreshing access token with scopes: []
[debug] [2025-06-11T20:47:56.253Z] >>> [apiv2][query] POST https://www.googleapis.com/oauth2/v3/token [none]
[debug] [2025-06-11T20:47:56.253Z] >>> [apiv2][body] POST https://www.googleapis.com/oauth2/v3/token [omitted]
[debug] [2025-06-11T20:47:56.665Z] <<< [apiv2][status] GET https://firebase-public.firebaseio.com/cli.json 200
[debug] [2025-06-11T20:47:56.665Z] <<< [apiv2][body] GET https://firebase-public.firebaseio.com/cli.json {"cloudBuildErrorAfter":1594252800000,"cloudBuildWarnAfter":1590019200000,"defaultNode10After":1594252800000,"minVersion":"3.0.5","node8DeploysDisabledAfter":1613390400000,"node8RuntimeDisabledAfter":1615809600000,"node8WarnAfter":1600128000000}
[debug] [2025-06-11T20:47:56.682Z] <<< [apiv2][status] POST https://www.googleapis.com/oauth2/v3/token 200
[debug] [2025-06-11T20:47:56.682Z] <<< [apiv2][body] POST https://www.googleapis.com/oauth2/v3/token [omitted]
[debug] [2025-06-11T20:47:56.695Z] >>> [apiv2][query] GET https://serviceusage.googleapis.com/v1/projects/deemcafe-223/services/firebaseapphosting.googleapis.com [none]
[debug] [2025-06-11T20:47:56.696Z] >>> [apiv2][(partial)header] GET https://serviceusage.googleapis.com/v1/projects/deemcafe-223/services/firebaseapphosting.googleapis.com x-goog-quota-user=projects/deemcafe-223
[debug] [2025-06-11T20:47:57.188Z] <<< [apiv2][status] GET https://serviceusage.googleapis.com/v1/projects/deemcafe-223/services/firebaseapphosting.googleapis.com 200
[debug] [2025-06-11T20:47:57.188Z] <<< [apiv2][body] GET https://serviceusage.googleapis.com/v1/projects/deemcafe-223/services/firebaseapphosting.googleapis.com [omitted]
[debug] [2025-06-11T20:47:57.190Z] Checked if tokens are valid: true, expires at: 1749678475682
[debug] [2025-06-11T20:47:57.190Z] Checked if tokens are valid: true, expires at: 1749678475682
[debug] [2025-06-11T20:47:57.191Z] >>> [apiv2][query] GET https://mobilesdk-pa.googleapis.com/v1/accessmanagement/tos:getStatus [none]
[debug] [2025-06-11T20:47:57.657Z] <<< [apiv2][status] GET https://mobilesdk-pa.googleapis.com/v1/accessmanagement/tos:getStatus 200
[debug] [2025-06-11T20:47:57.657Z] <<< [apiv2][body] GET https://mobilesdk-pa.googleapis.com/v1/accessmanagement/tos:getStatus {"overallStatus":"ACCEPTED","uTosStatus":{"tos":{"id":"firebase","tosId":"FIREBASE_UNIVERSAL"},"status":"ACCEPTED","acceptedVersion":7},"childTosStatus":[{"tos":{"id":"cloud","tosId":"CLOUD_PLATFORM"},"status":"ACCEPTED","acceptedVersion":38},{"tos":{"id":"firebase_b2b","tosId":"FIREBASE_B2B"},"status":"ACCEPTED","acceptedVersion":1},{"tos":{"id":"universal","tosId":"GOOGLE_APIS"},"status":"ACCEPTED","acceptedVersion":6}],"termsUrl":"https://firebase.google.com/terms","perServiceStatus":[{"tosId":"APP_CHECK","serviceStatus":{"tos":{"id":"app_check","tosId":"APP_CHECK"},"status":"ACCEPTED","acceptedVersion":3}},{"tosId":"APP_HOSTING_TOS","serviceStatus":{"tos":{"id":"app_hosting","tosId":"APP_HOSTING_TOS"},"status":"ACCEPTED","acceptedVersion":3}},{"tosId":"FIREBASE_DATA_CONNECT","serviceStatus":{"tos":{"id":"data_connect","tosId":"FIREBASE_DATA_CONNECT"},"status":"ACCEPTED","acceptedVersion":3}},{"tosId":"CORE_APPS","serviceStatus":{"tos":{"id":"core_apps","tosId":"CORE_APPS"},"status":"ACCEPTED","acceptedVersion":1}},{"tosId":"VERTEX_AI_IN_FIREBASE","serviceStatus":{"tos":{"id":"vertex_ai_in_firebase","tosId":"VERTEX_AI_IN_FIREBASE"},"status":"ACCEPTED","acceptedVersion":2}},{"tosId":"FIREBASE_CRASHLYTICS_APP_DISTRIBUTION","serviceStatus":{"tos":{"id":"firebase_crashlytics_app_distribution","tosId":"FIREBASE_CRASHLYTICS_APP_DISTRIBUTION"},"status":"ACCEPTED","acceptedVersion":4}},{"tosId":"GENERATIVE_LANGUAGE","serviceStatus":{"tos":{"id":"generative-language-api","tosId":"GENERATIVE_LANGUAGE"},"status":"ACCEPTED","acceptedVersion":3}}]}
[debug] [2025-06-11T20:47:57.659Z] Checked if tokens are valid: true, expires at: 1749678475682
[debug] [2025-06-11T20:47:57.660Z] Checked if tokens are valid: true, expires at: 1749678475682
[debug] [2025-06-11T20:47:57.660Z] Checked if tokens are valid: true, expires at: 1749678475682
[debug] [2025-06-11T20:47:57.660Z] Checked if tokens are valid: true, expires at: 1749678475682
[debug] [2025-06-11T20:47:57.660Z] Checked if tokens are valid: true, expires at: 1749678475682
[debug] [2025-06-11T20:47:57.661Z] Checked if tokens are valid: true, expires at: 1749678475682
[debug] [2025-06-11T20:47:57.661Z] Checked if tokens are valid: true, expires at: 1749678475682
[debug] [2025-06-11T20:47:57.661Z] Checked if tokens are valid: true, expires at: 1749678475682
[debug] [2025-06-11T20:47:57.661Z] Checked if tokens are valid: true, expires at: 1749678475682
[debug] [2025-06-11T20:47:57.661Z] Checked if tokens are valid: true, expires at: 1749678475682
[debug] [2025-06-11T20:47:57.661Z] Checked if tokens are valid: true, expires at: 1749678475682
[debug] [2025-06-11T20:47:57.661Z] Checked if tokens are valid: true, expires at: 1749678475682
[debug] [2025-06-11T20:47:57.662Z] >>> [apiv2][query] GET https://serviceusage.googleapis.com/v1/projects/deemcafe-223/services/developerconnect.googleapis.com [none]
[debug] [2025-06-11T20:47:57.662Z] >>> [apiv2][(partial)header] GET https://serviceusage.googleapis.com/v1/projects/deemcafe-223/services/developerconnect.googleapis.com x-goog-quota-user=projects/deemcafe-223
[debug] [2025-06-11T20:47:57.664Z] >>> [apiv2][query] GET https://serviceusage.googleapis.com/v1/projects/deemcafe-223/services/cloudbuild.googleapis.com [none]
[debug] [2025-06-11T20:47:57.664Z] >>> [apiv2][(partial)header] GET https://serviceusage.googleapis.com/v1/projects/deemcafe-223/services/cloudbuild.googleapis.com x-goog-quota-user=projects/deemcafe-223
[debug] [2025-06-11T20:47:57.670Z] >>> [apiv2][query] GET https://serviceusage.googleapis.com/v1/projects/deemcafe-223/services/secretmanager.googleapis.com [none]
[debug] [2025-06-11T20:47:57.670Z] >>> [apiv2][(partial)header] GET https://serviceusage.googleapis.com/v1/projects/deemcafe-223/services/secretmanager.googleapis.com x-goog-quota-user=projects/deemcafe-223
[debug] [2025-06-11T20:47:57.677Z] >>> [apiv2][query] GET https://serviceusage.googleapis.com/v1/projects/deemcafe-223/services/run.googleapis.com [none]
[debug] [2025-06-11T20:47:57.677Z] >>> [apiv2][(partial)header] GET https://serviceusage.googleapis.com/v1/projects/deemcafe-223/services/run.googleapis.com x-goog-quota-user=projects/deemcafe-223
[debug] [2025-06-11T20:47:57.683Z] >>> [apiv2][query] GET https://serviceusage.googleapis.com/v1/projects/deemcafe-223/services/artifactregistry.googleapis.com [none]
[debug] [2025-06-11T20:47:57.683Z] >>> [apiv2][(partial)header] GET https://serviceusage.googleapis.com/v1/projects/deemcafe-223/services/artifactregistry.googleapis.com x-goog-quota-user=projects/deemcafe-223
[debug] [2025-06-11T20:47:57.690Z] >>> [apiv2][query] GET https://serviceusage.googleapis.com/v1/projects/deemcafe-223/services/iam.googleapis.com [none]
[debug] [2025-06-11T20:47:57.691Z] >>> [apiv2][(partial)header] GET https://serviceusage.googleapis.com/v1/projects/deemcafe-223/services/iam.googleapis.com x-goog-quota-user=projects/deemcafe-223
[debug] [2025-06-11T20:47:57.916Z] <<< [apiv2][status] GET https://serviceusage.googleapis.com/v1/projects/deemcafe-223/services/developerconnect.googleapis.com 200
[debug] [2025-06-11T20:47:57.917Z] <<< [apiv2][body] GET https://serviceusage.googleapis.com/v1/projects/deemcafe-223/services/developerconnect.googleapis.com [omitted]
[debug] [2025-06-11T20:47:58.012Z] <<< [apiv2][status] GET https://serviceusage.googleapis.com/v1/projects/deemcafe-223/services/iam.googleapis.com 200
[debug] [2025-06-11T20:47:58.012Z] <<< [apiv2][body] GET https://serviceusage.googleapis.com/v1/projects/deemcafe-223/services/iam.googleapis.com [omitted]
[debug] [2025-06-11T20:47:58.018Z] <<< [apiv2][status] GET https://serviceusage.googleapis.com/v1/projects/deemcafe-223/services/secretmanager.googleapis.com 200
[debug] [2025-06-11T20:47:58.019Z] <<< [apiv2][body] GET https://serviceusage.googleapis.com/v1/projects/deemcafe-223/services/secretmanager.googleapis.com [omitted]
[debug] [2025-06-11T20:47:58.028Z] <<< [apiv2][status] GET https://serviceusage.googleapis.com/v1/projects/deemcafe-223/services/run.googleapis.com 200
[debug] [2025-06-11T20:47:58.028Z] <<< [apiv2][body] GET https://serviceusage.googleapis.com/v1/projects/deemcafe-223/services/run.googleapis.com [omitted]
[debug] [2025-06-11T20:47:58.031Z] <<< [apiv2][status] GET https://serviceusage.googleapis.com/v1/projects/deemcafe-223/services/cloudbuild.googleapis.com 200
[debug] [2025-06-11T20:47:58.032Z] <<< [apiv2][body] GET https://serviceusage.googleapis.com/v1/projects/deemcafe-223/services/cloudbuild.googleapis.com [omitted]
[debug] [2025-06-11T20:47:58.081Z] <<< [apiv2][status] GET https://serviceusage.googleapis.com/v1/projects/deemcafe-223/services/artifactregistry.googleapis.com 200
[debug] [2025-06-11T20:47:58.081Z] <<< [apiv2][body] GET https://serviceusage.googleapis.com/v1/projects/deemcafe-223/services/artifactregistry.googleapis.com [omitted]
[debug] [2025-06-11T20:47:58.083Z] Checked if tokens are valid: true, expires at: 1749678475682
[debug] [2025-06-11T20:47:58.083Z] Checked if tokens are valid: true, expires at: 1749678475682
[debug] [2025-06-11T20:47:58.083Z] >>> [apiv2][query] POST https://iam.googleapis.com/v1/projects/deemcafe-223/serviceAccounts/firebase-app-hosting-compute@deemcafe-223.iam.gserviceaccount.com:testIamPermissions [none]
[debug] [2025-06-11T20:47:58.084Z] >>> [apiv2][(partial)header] POST https://iam.googleapis.com/v1/projects/deemcafe-223/serviceAccounts/firebase-app-hosting-compute@deemcafe-223.iam.gserviceaccount.com:testIamPermissions x-goog-quota-user=projects/deemcafe-223
[debug] [2025-06-11T20:47:58.084Z] >>> [apiv2][body] POST https://iam.googleapis.com/v1/projects/deemcafe-223/serviceAccounts/firebase-app-hosting-compute@deemcafe-223.iam.gserviceaccount.com:testIamPermissions {"permissions":["iam.serviceAccounts.actAs"]}
[debug] [2025-06-11T20:47:58.391Z] <<< [apiv2][status] POST https://iam.googleapis.com/v1/projects/deemcafe-223/serviceAccounts/firebase-app-hosting-compute@deemcafe-223.iam.gserviceaccount.com:testIamPermissions 200
[debug] [2025-06-11T20:47:58.391Z] <<< [apiv2][body] POST https://iam.googleapis.com/v1/projects/deemcafe-223/serviceAccounts/firebase-app-hosting-compute@deemcafe-223.iam.gserviceaccount.com:testIamPermissions {"permissions":["iam.serviceAccounts.actAs"]}
[debug] [2025-06-11T20:47:58.392Z] Checked if tokens are valid: true, expires at: 1749678475682
[debug] [2025-06-11T20:47:58.392Z] Checked if tokens are valid: true, expires at: 1749678475682
[debug] [2025-06-11T20:47:58.393Z] >>> [apiv2][query] GET https://firebaseapphosting.googleapis.com/v1beta/projects/deemcafe-223/locations 
[debug] [2025-06-11T20:47:58.714Z] <<< [apiv2][status] GET https://firebaseapphosting.googleapis.com/v1beta/projects/deemcafe-223/locations 200
[debug] [2025-06-11T20:47:58.715Z] <<< [apiv2][body] GET https://firebaseapphosting.googleapis.com/v1beta/projects/deemcafe-223/locations {"locations":[{"name":"projects/deemcafe-223/locations/asia-east1","locationId":"asia-east1","displayName":"Taiwan"},{"name":"projects/deemcafe-223/locations/europe-west4","locationId":"europe-west4","displayName":"Netherlands"},{"name":"projects/deemcafe-223/locations/us-central1","locationId":"us-central1","displayName":"Iowa"}]}
[info] +  Location set to us-central1.
 
[info] i  === Import a GitHub repository 
[debug] [2025-06-11T20:47:58.765Z] Checked if tokens are valid: true, expires at: 1749678475682
[debug] [2025-06-11T20:47:58.765Z] Checked if tokens are valid: true, expires at: 1749678475682
[debug] [2025-06-11T20:47:58.766Z] >>> [apiv2][query] GET https://developerconnect.googleapis.com/v1/projects/deemcafe-223/locations/us-central1/connections pageSize=1000&pageToken=
[debug] [2025-06-11T20:47:59.143Z] <<< [apiv2][status] GET https://developerconnect.googleapis.com/v1/projects/deemcafe-223/locations/us-central1/connections 200
[debug] [2025-06-11T20:47:59.143Z] <<< [apiv2][body] GET https://developerconnect.googleapis.com/v1/projects/deemcafe-223/locations/us-central1/connections {}
[debug] [2025-06-11T20:47:59.145Z] Checked if tokens are valid: true, expires at: 1749678475682
[debug] [2025-06-11T20:47:59.145Z] Checked if tokens are valid: true, expires at: 1749678475682
[debug] [2025-06-11T20:47:59.145Z] >>> [apiv2][query] GET https://serviceusage.googleapis.com/v1/projects/deemcafe-223/services/cloudresourcemanager.googleapis.com [none]
[debug] [2025-06-11T20:47:59.146Z] >>> [apiv2][(partial)header] GET https://serviceusage.googleapis.com/v1/projects/deemcafe-223/services/cloudresourcemanager.googleapis.com x-goog-quota-user=projects/deemcafe-223
[debug] [2025-06-11T20:47:59.314Z] <<< [apiv2][status] GET https://serviceusage.googleapis.com/v1/projects/deemcafe-223/services/cloudresourcemanager.googleapis.com 200
[debug] [2025-06-11T20:47:59.315Z] <<< [apiv2][body] GET https://serviceusage.googleapis.com/v1/projects/deemcafe-223/services/cloudresourcemanager.googleapis.com [omitted]
[debug] [2025-06-11T20:47:59.315Z] Checked if tokens are valid: true, expires at: 1749678475682
[debug] [2025-06-11T20:47:59.315Z] Checked if tokens are valid: true, expires at: 1749678475682
[debug] [2025-06-11T20:47:59.316Z] >>> [apiv2][query] GET https://cloudresourcemanager.googleapis.com/v1/projects/deemcafe-223 [none]
[debug] [2025-06-11T20:47:59.675Z] <<< [apiv2][status] GET https://cloudresourcemanager.googleapis.com/v1/projects/deemcafe-223 200
[debug] [2025-06-11T20:47:59.675Z] <<< [apiv2][body] GET https://cloudresourcemanager.googleapis.com/v1/projects/deemcafe-223 {"projectNumber":"281009771538","projectId":"deemcafe-223","lifecycleState":"ACTIVE","name":"deemcafe","labels":{"firebase":"enabled","firebase-core":"disabled"},"createTime":"2025-03-24T14:39:45.145955Z"}
[debug] [2025-06-11T20:47:59.676Z] Checked if tokens are valid: true, expires at: 1749678475682
[debug] [2025-06-11T20:47:59.676Z] Checked if tokens are valid: true, expires at: 1749678475682
[debug] [2025-06-11T20:47:59.677Z] >>> [apiv2][query] POST https://cloudresourcemanager.googleapis.com/v1/projects/deemcafe-223:getIamPolicy [none]
[debug] [2025-06-11T20:47:59.902Z] <<< [apiv2][status] POST https://cloudresourcemanager.googleapis.com/v1/projects/deemcafe-223:getIamPolicy 200
[debug] [2025-06-11T20:47:59.902Z] <<< [apiv2][body] POST https://cloudresourcemanager.googleapis.com/v1/projects/deemcafe-223:getIamPolicy {"version":1,"etag":"BwY3L3VDFAs=","bindings":[{"role":"roles/artifactregistry.serviceAgent","members":["serviceAccount:service-281009771538@gcp-sa-artifactregistry.iam.gserviceaccount.com"]},{"role":"roles/cloudbuild.builds.builder","members":["serviceAccount:281009771538@cloudbuild.gserviceaccount.com"]},{"role":"roles/cloudbuild.serviceAgent","members":["serviceAccount:service-281009771538@gcp-sa-cloudbuild.iam.gserviceaccount.com"]},{"role":"roles/containerregistry.ServiceAgent","members":["serviceAccount:service-281009771538@containerregistry.iam.gserviceaccount.com"]},{"role":"roles/developerconnect.readTokenAccessor","members":["serviceAccount:firebase-app-hosting-compute@deemcafe-223.iam.gserviceaccount.com"]},{"role":"roles/developerconnect.serviceAgent","members":["serviceAccount:service-281009771538@gcp-sa-devconnect.iam.gserviceaccount.com"]},{"role":"roles/editor","members":["serviceAccount:281009771538-compute@developer.gserviceaccount.com"]},{"role":"roles/firebase.managementServiceAgent","members":["serviceAccount:service-281009771538@gcp-sa-firebase.iam.gserviceaccount.com"]},{"role":"roles/firebase.sdkAdminServiceAgent","members":["serviceAccount:firebase-adminsdk-fbsvc@deemcafe-223.iam.gserviceaccount.com","serviceAccount:firebase-app-hosting-compute@deemcafe-223.iam.gserviceaccount.com"]},{"role":"roles/firebaseapphosting.computeRunner","members":["serviceAccount:firebase-app-hosting-compute@deemcafe-223.iam.gserviceaccount.com"]},{"role":"roles/firebaseapphosting.serviceAgent","members":["serviceAccount:service-281009771538@gcp-sa-firebaseapphosting.iam.gserviceaccount.com"]},{"role":"roles/iam.serviceAccountTokenCreator","members":["serviceAccount:firebase-adminsdk-fbsvc@deemcafe-223.iam.gserviceaccount.com"]},{"role":"roles/owner","members":["user:tranhoangminh160@gmail.com"]},{"role":"roles/run.serviceAgent","members":["serviceAccount:service-281009771538@serverless-robot-prod.iam.gserviceaccount.com"]},{"role":"roles/secretmanager.admin_withcond_de0ed4ec4ea50d7b9331","members":["serviceAccount:service-281009771538@gcp-sa-devconnect.iam.gserviceaccount.com"]}]}
[info] i  To create a new GitHub connection, Secret Manager Admin role (roles/secretmanager.admin) is required on the Developer Connect Service Agent. 
[debug] [2025-06-11T20:49:03.509Z] Checked if tokens are valid: true, expires at: 1749678475682
[debug] [2025-06-11T20:49:03.510Z] Checked if tokens are valid: true, expires at: 1749678475682
[debug] [2025-06-11T20:49:03.510Z] >>> [apiv2][query] POST https://cloudresourcemanager.googleapis.com/v1/projects/deemcafe-223:getIamPolicy [none]
[debug] [2025-06-11T20:49:03.883Z] <<< [apiv2][status] POST https://cloudresourcemanager.googleapis.com/v1/projects/deemcafe-223:getIamPolicy 200
[debug] [2025-06-11T20:49:03.884Z] <<< [apiv2][body] POST https://cloudresourcemanager.googleapis.com/v1/projects/deemcafe-223:getIamPolicy {"version":1,"etag":"BwY3L3VDFAs=","bindings":[{"role":"roles/artifactregistry.serviceAgent","members":["serviceAccount:service-281009771538@gcp-sa-artifactregistry.iam.gserviceaccount.com"]},{"role":"roles/cloudbuild.builds.builder","members":["serviceAccount:281009771538@cloudbuild.gserviceaccount.com"]},{"role":"roles/cloudbuild.serviceAgent","members":["serviceAccount:service-281009771538@gcp-sa-cloudbuild.iam.gserviceaccount.com"]},{"role":"roles/containerregistry.ServiceAgent","members":["serviceAccount:service-281009771538@containerregistry.iam.gserviceaccount.com"]},{"role":"roles/developerconnect.readTokenAccessor","members":["serviceAccount:firebase-app-hosting-compute@deemcafe-223.iam.gserviceaccount.com"]},{"role":"roles/developerconnect.serviceAgent","members":["serviceAccount:service-281009771538@gcp-sa-devconnect.iam.gserviceaccount.com"]},{"role":"roles/editor","members":["serviceAccount:281009771538-compute@developer.gserviceaccount.com"]},{"role":"roles/firebase.managementServiceAgent","members":["serviceAccount:service-281009771538@gcp-sa-firebase.iam.gserviceaccount.com"]},{"role":"roles/firebase.sdkAdminServiceAgent","members":["serviceAccount:firebase-adminsdk-fbsvc@deemcafe-223.iam.gserviceaccount.com","serviceAccount:firebase-app-hosting-compute@deemcafe-223.iam.gserviceaccount.com"]},{"role":"roles/firebaseapphosting.computeRunner","members":["serviceAccount:firebase-app-hosting-compute@deemcafe-223.iam.gserviceaccount.com"]},{"role":"roles/firebaseapphosting.serviceAgent","members":["serviceAccount:service-281009771538@gcp-sa-firebaseapphosting.iam.gserviceaccount.com"]},{"role":"roles/iam.serviceAccountTokenCreator","members":["serviceAccount:firebase-adminsdk-fbsvc@deemcafe-223.iam.gserviceaccount.com"]},{"role":"roles/owner","members":["user:tranhoangminh160@gmail.com"]},{"role":"roles/run.serviceAgent","members":["serviceAccount:service-281009771538@serverless-robot-prod.iam.gserviceaccount.com"]},{"role":"roles/secretmanager.admin_withcond_de0ed4ec4ea50d7b9331","members":["serviceAccount:service-281009771538@gcp-sa-devconnect.iam.gserviceaccount.com"]}]}
[debug] [2025-06-11T20:49:03.885Z] Checked if tokens are valid: true, expires at: 1749678475682
[debug] [2025-06-11T20:49:03.885Z] Checked if tokens are valid: true, expires at: 1749678475682
[debug] [2025-06-11T20:49:03.886Z] >>> [apiv2][query] POST https://cloudresourcemanager.googleapis.com/v1/projects/deemcafe-223:setIamPolicy [none]
[debug] [2025-06-11T20:49:03.886Z] >>> [apiv2][body] POST https://cloudresourcemanager.googleapis.com/v1/projects/deemcafe-223:setIamPolicy {"policy":{"version":1,"etag":"BwY3L3VDFAs=","bindings":[{"role":"roles/artifactregistry.serviceAgent","members":["serviceAccount:service-281009771538@gcp-sa-artifactregistry.iam.gserviceaccount.com"]},{"role":"roles/cloudbuild.builds.builder","members":["serviceAccount:281009771538@cloudbuild.gserviceaccount.com"]},{"role":"roles/cloudbuild.serviceAgent","members":["serviceAccount:service-281009771538@gcp-sa-cloudbuild.iam.gserviceaccount.com"]},{"role":"roles/containerregistry.ServiceAgent","members":["serviceAccount:service-281009771538@containerregistry.iam.gserviceaccount.com"]},{"role":"roles/developerconnect.readTokenAccessor","members":["serviceAccount:firebase-app-hosting-compute@deemcafe-223.iam.gserviceaccount.com"]},{"role":"roles/developerconnect.serviceAgent","members":["serviceAccount:service-281009771538@gcp-sa-devconnect.iam.gserviceaccount.com"]},{"role":"roles/editor","members":["serviceAccount:281009771538-compute@developer.gserviceaccount.com"]},{"role":"roles/firebase.managementServiceAgent","members":["serviceAccount:service-281009771538@gcp-sa-firebase.iam.gserviceaccount.com"]},{"role":"roles/firebase.sdkAdminServiceAgent","members":["serviceAccount:firebase-adminsdk-fbsvc@deemcafe-223.iam.gserviceaccount.com","serviceAccount:firebase-app-hosting-compute@deemcafe-223.iam.gserviceaccount.com"]},{"role":"roles/firebaseapphosting.computeRunner","members":["serviceAccount:firebase-app-hosting-compute@deemcafe-223.iam.gserviceaccount.com"]},{"role":"roles/firebaseapphosting.serviceAgent","members":["serviceAccount:service-281009771538@gcp-sa-firebaseapphosting.iam.gserviceaccount.com"]},{"role":"roles/iam.serviceAccountTokenCreator","members":["serviceAccount:firebase-adminsdk-fbsvc@deemcafe-223.iam.gserviceaccount.com"]},{"role":"roles/owner","members":["user:tranhoangminh160@gmail.com"]},{"role":"roles/run.serviceAgent","members":["serviceAccount:service-281009771538@serverless-robot-prod.iam.gserviceaccount.com"]},{"role":"roles/secretmanager.admin_withcond_de0ed4ec4ea50d7b9331","members":["serviceAccount:service-281009771538@gcp-sa-devconnect.iam.gserviceaccount.com"]},{"role":"roles/secretmanager.admin","members":["serviceAccount:service-281009771538@gcp-sa-devconnect.iam.gserviceaccount.com"]}]},"updateMask":"bindings"}
[debug] [2025-06-11T20:49:04.402Z] <<< [apiv2][status] POST https://cloudresourcemanager.googleapis.com/v1/projects/deemcafe-223:setIamPolicy 200
[debug] [2025-06-11T20:49:04.402Z] <<< [apiv2][body] POST https://cloudresourcemanager.googleapis.com/v1/projects/deemcafe-223:setIamPolicy {"version":1,"etag":"BwY3UfGJCX0=","bindings":[{"role":"roles/artifactregistry.serviceAgent","members":["serviceAccount:service-281009771538@gcp-sa-artifactregistry.iam.gserviceaccount.com"]},{"role":"roles/cloudbuild.builds.builder","members":["serviceAccount:281009771538@cloudbuild.gserviceaccount.com"]},{"role":"roles/cloudbuild.serviceAgent","members":["serviceAccount:service-281009771538@gcp-sa-cloudbuild.iam.gserviceaccount.com"]},{"role":"roles/containerregistry.ServiceAgent","members":["serviceAccount:service-281009771538@containerregistry.iam.gserviceaccount.com"]},{"role":"roles/developerconnect.readTokenAccessor","members":["serviceAccount:firebase-app-hosting-compute@deemcafe-223.iam.gserviceaccount.com"]},{"role":"roles/developerconnect.serviceAgent","members":["serviceAccount:service-281009771538@gcp-sa-devconnect.iam.gserviceaccount.com"]},{"role":"roles/editor","members":["serviceAccount:281009771538-compute@developer.gserviceaccount.com"]},{"role":"roles/firebase.managementServiceAgent","members":["serviceAccount:service-281009771538@gcp-sa-firebase.iam.gserviceaccount.com"]},{"role":"roles/firebase.sdkAdminServiceAgent","members":["serviceAccount:firebase-adminsdk-fbsvc@deemcafe-223.iam.gserviceaccount.com","serviceAccount:firebase-app-hosting-compute@deemcafe-223.iam.gserviceaccount.com"]},{"role":"roles/firebaseapphosting.computeRunner","members":["serviceAccount:firebase-app-hosting-compute@deemcafe-223.iam.gserviceaccount.com"]},{"role":"roles/firebaseapphosting.serviceAgent","members":["serviceAccount:service-281009771538@gcp-sa-firebaseapphosting.iam.gserviceaccount.com"]},{"role":"roles/iam.serviceAccountTokenCreator","members":["serviceAccount:firebase-adminsdk-fbsvc@deemcafe-223.iam.gserviceaccount.com"]},{"role":"roles/owner","members":["user:tranhoangminh160@gmail.com"]},{"role":"roles/run.serviceAgent","members":["serviceAccount:service-281009771538@serverless-robot-prod.iam.gserviceaccount.com"]},{"role":"roles/secretmanager.admin","members":["serviceAccount:service-281009771538@gcp-sa-devconnect.iam.gserviceaccount.com"]},{"role":"roles/secretmanager.admin_withcond_de0ed4ec4ea50d7b9331","members":["serviceAccount:service-281009771538@gcp-sa-devconnect.iam.gserviceaccount.com"]}]}
[info] +  Successfully granted the required role to the Developer Connect Service Agent!
 
[debug] [2025-06-11T20:49:04.404Z] Checked if tokens are valid: true, expires at: 1749678475682
[debug] [2025-06-11T20:49:04.404Z] Checked if tokens are valid: true, expires at: 1749678475682
[debug] [2025-06-11T20:49:04.404Z] >>> [apiv2][query] POST https://developerconnect.googleapis.com/v1/projects/deemcafe-223/locations/us-central1/connections connectionId=apphosting-github-conn-xyziu58
[debug] [2025-06-11T20:49:04.405Z] >>> [apiv2][body] POST https://developerconnect.googleapis.com/v1/projects/deemcafe-223/locations/us-central1/connections {"githubConfig":{"githubApp":"FIREBASE"}}
[debug] [2025-06-11T20:49:05.517Z] <<< [apiv2][status] POST https://developerconnect.googleapis.com/v1/projects/deemcafe-223/locations/us-central1/connections 200
[debug] [2025-06-11T20:49:05.517Z] <<< [apiv2][body] POST https://developerconnect.googleapis.com/v1/projects/deemcafe-223/locations/us-central1/connections {"name":"projects/deemcafe-223/locations/us-central1/operations/operation-1749674944739-63751f18dba3e-dca2c4b2-e3de4843","metadata":{"@type":"type.googleapis.com/google.cloud.developerconnect.v1.OperationMetadata","createTime":"2025-06-11T20:49:05.525482641Z","target":"projects/deemcafe-223/locations/us-central1/connections/apphosting-github-conn-xyziu58","verb":"create","requestedCancellation":false,"apiVersion":"v1"},"done":false}
[debug] [2025-06-11T20:49:05.519Z] Checked if tokens are valid: true, expires at: 1749678475682
[debug] [2025-06-11T20:49:05.520Z] Checked if tokens are valid: true, expires at: 1749678475682
[debug] [2025-06-11T20:49:05.520Z] >>> [apiv2][query] GET https://developerconnect.googleapis.com/v1/projects/deemcafe-223/locations/us-central1/operations/operation-1749674944739-63751f18dba3e-dca2c4b2-e3de4843 [none]
[debug] [2025-06-11T20:49:05.639Z] <<< [apiv2][status] GET https://developerconnect.googleapis.com/v1/projects/deemcafe-223/locations/us-central1/operations/operation-1749674944739-63751f18dba3e-dca2c4b2-e3de4843 200
[debug] [2025-06-11T20:49:05.639Z] <<< [apiv2][body] GET https://developerconnect.googleapis.com/v1/projects/deemcafe-223/locations/us-central1/operations/operation-1749674944739-63751f18dba3e-dca2c4b2-e3de4843 {"name":"projects/deemcafe-223/locations/us-central1/operations/operation-1749674944739-63751f18dba3e-dca2c4b2-e3de4843","metadata":{"@type":"type.googleapis.com/google.cloud.developerconnect.v1.OperationMetadata","createTime":"2025-06-11T20:49:05.525482641Z","endTime":"2025-06-11T20:49:05.566048326Z","target":"projects/deemcafe-223/locations/us-central1/connections/apphosting-github-conn-xyziu58","verb":"create","requestedCancellation":false,"apiVersion":"v1"},"done":true,"response":{"@type":"type.googleapis.com/google.cloud.developerconnect.v1.Connection","name":"projects/deemcafe-223/locations/us-central1/connections/apphosting-github-conn-xyziu58","createTime":"2025-06-11T20:49:05.518914800Z","updateTime":"2025-06-11T20:49:05.518914800Z","githubConfig":{"githubApp":"FIREBASE"},"installationState":{"stage":"PENDING_USER_OAUTH","message":"Please log in to https://github.com using a robot account and then follow this link to authorize Developer Connect to access that account. After authorization, your GitHub authorization token will be stored in Cloud Secret Manager.","actionUri":"https://accounts.google.com/AccountChooser?continue=https%3A%2F%2Fconsole.cloud.google.com%2Fdeveloper-connect%2Ffinish-setup%3Fstate%3D%257B%2522connection%2522%253A%2B%2522projects%252Fdeemcafe-223%252Flocations%252Fus-central1%252Fconnections%252Fapphosting-github-conn-xyziu58%2522%257D"}}}
[info] i  Please authorize the Firebase GitHub app by visiting this url: 
[info] i  	http://localhost:9005 
[debug] [2025-06-11T20:59:14.421Z] Checked if tokens are valid: true, expires at: 1749678475682
[debug] [2025-06-11T20:59:14.421Z] Checked if tokens are valid: true, expires at: 1749678475682
[debug] [2025-06-11T20:59:14.422Z] >>> [apiv2][query] GET https://developerconnect.googleapis.com/v1/projects/deemcafe-223/locations/us-central1/connections/apphosting-github-conn-xyziu58 [none]
[debug] [2025-06-11T20:59:14.734Z] <<< [apiv2][status] GET https://developerconnect.googleapis.com/v1/projects/deemcafe-223/locations/us-central1/connections/apphosting-github-conn-xyziu58 200
[debug] [2025-06-11T20:59:14.735Z] <<< [apiv2][body] GET https://developerconnect.googleapis.com/v1/projects/deemcafe-223/locations/us-central1/connections/apphosting-github-conn-xyziu58 {"name":"projects/deemcafe-223/locations/us-central1/connections/apphosting-github-conn-xyziu58","createTime":"2025-06-11T20:49:05.518914800Z","updateTime":"2025-06-11T20:50:46.823096082Z","githubConfig":{"githubApp":"FIREBASE","authorizerCredential":{"oauthTokenSecretVersion":"projects/deemcafe-223/secrets/apphosting-github-conn-xyziu58-github-oauthtoken-7b25fa/versions/latest","username":"tranhoangminh1412"},"appInstallationId":"70611071","installationUri":"https://github.com/settings/installations/70611071"},"installationState":{"stage":"COMPLETE"}}
[info] +  Connected with GitHub successfully
 
[debug] [2025-06-11T20:59:14.736Z] Checked if tokens are valid: true, expires at: 1749678475682
[debug] [2025-06-11T20:59:14.736Z] Checked if tokens are valid: true, expires at: 1749678475682
[debug] [2025-06-11T20:59:14.737Z] >>> [apiv2][query] GET https://developerconnect.googleapis.com/v1/projects/deemcafe-223/locations/us-central1/connections/apphosting-github-conn-xyziu58:fetchGitHubInstallations [none]
[debug] [2025-06-11T20:59:15.094Z] <<< [apiv2][status] GET https://developerconnect.googleapis.com/v1/projects/deemcafe-223/locations/us-central1/connections/apphosting-github-conn-xyziu58:fetchGitHubInstallations 200
[debug] [2025-06-11T20:59:15.094Z] <<< [apiv2][body] GET https://developerconnect.googleapis.com/v1/projects/deemcafe-223/locations/us-central1/connections/apphosting-github-conn-xyziu58:fetchGitHubInstallations {"installations":[{"id":"70611071","name":"tranhoangminh1412","type":"user"}]}
[info] i  Install the Firebase App Hosting GitHub app on a new account to enable access to those repositories 
[info] i  https://github.com/apps/firebase-app-hosting/installations/new 
[debug] [2025-06-11T21:02:26.487Z] Checked if tokens are valid: true, expires at: 1749678475682
[debug] [2025-06-11T21:02:26.487Z] Checked if tokens are valid: true, expires at: 1749678475682
[debug] [2025-06-11T21:02:26.488Z] >>> [apiv2][query] GET https://developerconnect.googleapis.com/v1/projects/deemcafe-223/locations/us-central1/connections/apphosting-github-conn-xyziu58:fetchGitHubInstallations [none]
[debug] [2025-06-11T21:02:27.050Z] <<< [apiv2][status] GET https://developerconnect.googleapis.com/v1/projects/deemcafe-223/locations/us-central1/connections/apphosting-github-conn-xyziu58:fetchGitHubInstallations 200
[debug] [2025-06-11T21:02:27.050Z] <<< [apiv2][body] GET https://developerconnect.googleapis.com/v1/projects/deemcafe-223/locations/us-central1/connections/apphosting-github-conn-xyziu58:fetchGitHubInstallations {"installations":[{"id":"70611071","name":"tranhoangminh1412","type":"user"}]}
[info] i  Install the Firebase App Hosting GitHub app on a new account to enable access to those repositories 
[info] i  https://github.com/apps/firebase-app-hosting/installations/new 
[debug] [2025-06-11T21:04:38.614Z] Checked if tokens are valid: true, expires at: 1749678475682
[debug] [2025-06-11T21:04:38.615Z] Checked if tokens are valid: true, expires at: 1749678475682
[debug] [2025-06-11T21:04:38.615Z] >>> [apiv2][query] GET https://developerconnect.googleapis.com/v1/projects/deemcafe-223/locations/us-central1/connections/apphosting-github-conn-xyziu58:fetchGitHubInstallations [none]
[debug] [2025-06-11T21:04:39.173Z] <<< [apiv2][status] GET https://developerconnect.googleapis.com/v1/projects/deemcafe-223/locations/us-central1/connections/apphosting-github-conn-xyziu58:fetchGitHubInstallations 200
[debug] [2025-06-11T21:04:39.173Z] <<< [apiv2][body] GET https://developerconnect.googleapis.com/v1/projects/deemcafe-223/locations/us-central1/connections/apphosting-github-conn-xyziu58:fetchGitHubInstallations {"installations":[{"id":"70611071","name":"tranhoangminh1412","type":"user"}]}
[info] i  Install the Firebase App Hosting GitHub app on a new account to enable access to those repositories 
[info] i  https://github.com/apps/firebase-app-hosting/installations/new 
[debug] [2025-06-11T21:05:03.487Z] Checked if tokens are valid: true, expires at: 1749678475682
[debug] [2025-06-11T21:05:03.488Z] Checked if tokens are valid: true, expires at: 1749678475682
[debug] [2025-06-11T21:05:03.488Z] >>> [apiv2][query] GET https://developerconnect.googleapis.com/v1/projects/deemcafe-223/locations/us-central1/connections/apphosting-github-conn-xyziu58:fetchGitHubInstallations [none]
[debug] [2025-06-11T21:05:04.011Z] <<< [apiv2][status] GET https://developerconnect.googleapis.com/v1/projects/deemcafe-223/locations/us-central1/connections/apphosting-github-conn-xyziu58:fetchGitHubInstallations 200
[debug] [2025-06-11T21:05:04.011Z] <<< [apiv2][body] GET https://developerconnect.googleapis.com/v1/projects/deemcafe-223/locations/us-central1/connections/apphosting-github-conn-xyziu58:fetchGitHubInstallations {"installations":[{"id":"70611071","name":"tranhoangminh1412","type":"user"}]}
[debug] [2025-06-11T21:05:08.070Z] ExitPromptError: User force closed the prompt with SIGINT
    at Interface.sigint (C:\Users\Minh Tran\AppData\Roaming\npm\node_modules\firebase-tools\node_modules\@inquirer\core\dist\commonjs\lib\create-prompt.js:101:37)
    at Interface.emit (node:events:519:28)
    at Interface.emit (node:domain:488:12)
    at [_ttyWrite] [as _ttyWrite] (node:internal/readline/interface:1125:18)
    at ReadStream.onkeypress (node:internal/readline/interface:264:20)
    at ReadStream.emit (node:events:531:35)
    at ReadStream.emit (node:domain:488:12)
    at emitKeys (node:internal/readline/utils:371:14)
    at emitKeys.next (<anonymous>)
    at ReadStream.onData (node:internal/readline/emitKeypressEvents:64:36)
[error] 
[error] Error: An unexpected error has occurred.
[debug] [2025-06-11T21:05:19.534Z] ----------------------------------------------------------------------
[debug] [2025-06-11T21:05:19.539Z] Command:       C:\Program Files\nodejs\node.exe C:\Users\Minh Tran\AppData\Roaming\npm\node_modules\firebase-tools\lib\bin\firebase.js apphosting:backends:create --project deemcafe-223
[debug] [2025-06-11T21:05:19.540Z] CLI Version:   14.6.0
[debug] [2025-06-11T21:05:19.541Z] Platform:      win32
[debug] [2025-06-11T21:05:19.541Z] Node Version:  v21.6.0
[debug] [2025-06-11T21:05:19.542Z] Time:          Wed Jun 11 2025 16:05:19 GMT-0500 (Central Daylight Time)
[debug] [2025-06-11T21:05:19.542Z] ----------------------------------------------------------------------
[debug] 
[debug] [2025-06-11T21:05:19.560Z] > command requires scopes: ["email","openid","https://www.googleapis.com/auth/cloudplatformprojects.readonly","https://www.googleapis.com/auth/firebase","https://www.googleapis.com/auth/cloud-platform"]
[debug] [2025-06-11T21:05:19.561Z] > authorizing via signed-in user (tranhoangminh160@gmail.com)
[debug] [2025-06-11T21:05:19.564Z] Checked if tokens are valid: true, expires at: 1749678475682
[debug] [2025-06-11T21:05:19.565Z] Checked if tokens are valid: true, expires at: 1749678475682
[debug] [2025-06-11T21:05:19.567Z] >>> [apiv2][query] GET https://serviceusage.googleapis.com/v1/projects/deemcafe-223/services/firebaseapphosting.googleapis.com [none]
[debug] [2025-06-11T21:05:19.568Z] >>> [apiv2][(partial)header] GET https://serviceusage.googleapis.com/v1/projects/deemcafe-223/services/firebaseapphosting.googleapis.com x-goog-quota-user=projects/deemcafe-223
[debug] [2025-06-11T21:05:20.063Z] <<< [apiv2][status] GET https://serviceusage.googleapis.com/v1/projects/deemcafe-223/services/firebaseapphosting.googleapis.com 200
[debug] [2025-06-11T21:05:20.064Z] <<< [apiv2][body] GET https://serviceusage.googleapis.com/v1/projects/deemcafe-223/services/firebaseapphosting.googleapis.com [omitted]
[debug] [2025-06-11T21:05:20.064Z] Checked if tokens are valid: true, expires at: 1749678475682
[debug] [2025-06-11T21:05:20.065Z] Checked if tokens are valid: true, expires at: 1749678475682
[debug] [2025-06-11T21:05:20.065Z] >>> [apiv2][query] GET https://mobilesdk-pa.googleapis.com/v1/accessmanagement/tos:getStatus [none]
[debug] [2025-06-11T21:05:20.381Z] <<< [apiv2][status] GET https://mobilesdk-pa.googleapis.com/v1/accessmanagement/tos:getStatus 200
[debug] [2025-06-11T21:05:20.381Z] <<< [apiv2][body] GET https://mobilesdk-pa.googleapis.com/v1/accessmanagement/tos:getStatus {"overallStatus":"ACCEPTED","uTosStatus":{"tos":{"id":"firebase","tosId":"FIREBASE_UNIVERSAL"},"status":"ACCEPTED","acceptedVersion":7},"childTosStatus":[{"tos":{"id":"cloud","tosId":"CLOUD_PLATFORM"},"status":"ACCEPTED","acceptedVersion":38},{"tos":{"id":"firebase_b2b","tosId":"FIREBASE_B2B"},"status":"ACCEPTED","acceptedVersion":1},{"tos":{"id":"universal","tosId":"GOOGLE_APIS"},"status":"ACCEPTED","acceptedVersion":6}],"termsUrl":"https://firebase.google.com/terms","perServiceStatus":[{"tosId":"APP_CHECK","serviceStatus":{"tos":{"id":"app_check","tosId":"APP_CHECK"},"status":"ACCEPTED","acceptedVersion":3}},{"tosId":"APP_HOSTING_TOS","serviceStatus":{"tos":{"id":"app_hosting","tosId":"APP_HOSTING_TOS"},"status":"ACCEPTED","acceptedVersion":3}},{"tosId":"FIREBASE_DATA_CONNECT","serviceStatus":{"tos":{"id":"data_connect","tosId":"FIREBASE_DATA_CONNECT"},"status":"ACCEPTED","acceptedVersion":3}},{"tosId":"CORE_APPS","serviceStatus":{"tos":{"id":"core_apps","tosId":"CORE_APPS"},"status":"ACCEPTED","acceptedVersion":1}},{"tosId":"VERTEX_AI_IN_FIREBASE","serviceStatus":{"tos":{"id":"vertex_ai_in_firebase","tosId":"VERTEX_AI_IN_FIREBASE"},"status":"ACCEPTED","acceptedVersion":2}},{"tosId":"FIREBASE_CRASHLYTICS_APP_DISTRIBUTION","serviceStatus":{"tos":{"id":"firebase_crashlytics_app_distribution","tosId":"FIREBASE_CRASHLYTICS_APP_DISTRIBUTION"},"status":"ACCEPTED","acceptedVersion":4}},{"tosId":"GENERATIVE_LANGUAGE","serviceStatus":{"tos":{"id":"generative-language-api","tosId":"GENERATIVE_LANGUAGE"},"status":"ACCEPTED","acceptedVersion":3}}]}
[debug] [2025-06-11T21:05:20.383Z] Checked if tokens are valid: true, expires at: 1749678475682
[debug] [2025-06-11T21:05:20.383Z] Checked if tokens are valid: true, expires at: 1749678475682
[debug] [2025-06-11T21:05:20.383Z] Checked if tokens are valid: true, expires at: 1749678475682
[debug] [2025-06-11T21:05:20.383Z] Checked if tokens are valid: true, expires at: 1749678475682
[debug] [2025-06-11T21:05:20.383Z] Checked if tokens are valid: true, expires at: 1749678475682
[debug] [2025-06-11T21:05:20.383Z] Checked if tokens are valid: true, expires at: 1749678475682
[debug] [2025-06-11T21:05:20.384Z] Checked if tokens are valid: true, expires at: 1749678475682
[debug] [2025-06-11T21:05:20.384Z] Checked if tokens are valid: true, expires at: 1749678475682
[debug] [2025-06-11T21:05:20.384Z] Checked if tokens are valid: true, expires at: 1749678475682
[debug] [2025-06-11T21:05:20.384Z] Checked if tokens are valid: true, expires at: 1749678475682
[debug] [2025-06-11T21:05:20.384Z] Checked if tokens are valid: true, expires at: 1749678475682
[debug] [2025-06-11T21:05:20.384Z] Checked if tokens are valid: true, expires at: 1749678475682
[debug] [2025-06-11T21:05:20.384Z] >>> [apiv2][query] GET https://serviceusage.googleapis.com/v1/projects/deemcafe-223/services/developerconnect.googleapis.com [none]
[debug] [2025-06-11T21:05:20.385Z] >>> [apiv2][(partial)header] GET https://serviceusage.googleapis.com/v1/projects/deemcafe-223/services/developerconnect.googleapis.com x-goog-quota-user=projects/deemcafe-223
[debug] [2025-06-11T21:05:20.386Z] >>> [apiv2][query] GET https://serviceusage.googleapis.com/v1/projects/deemcafe-223/services/cloudbuild.googleapis.com [none]
[debug] [2025-06-11T21:05:20.386Z] >>> [apiv2][(partial)header] GET https://serviceusage.googleapis.com/v1/projects/deemcafe-223/services/cloudbuild.googleapis.com x-goog-quota-user=projects/deemcafe-223
[debug] [2025-06-11T21:05:20.390Z] >>> [apiv2][query] GET https://serviceusage.googleapis.com/v1/projects/deemcafe-223/services/secretmanager.googleapis.com [none]
[debug] [2025-06-11T21:05:20.390Z] >>> [apiv2][(partial)header] GET https://serviceusage.googleapis.com/v1/projects/deemcafe-223/services/secretmanager.googleapis.com x-goog-quota-user=projects/deemcafe-223
[debug] [2025-06-11T21:05:20.394Z] >>> [apiv2][query] GET https://serviceusage.googleapis.com/v1/projects/deemcafe-223/services/run.googleapis.com [none]
[debug] [2025-06-11T21:05:20.394Z] >>> [apiv2][(partial)header] GET https://serviceusage.googleapis.com/v1/projects/deemcafe-223/services/run.googleapis.com x-goog-quota-user=projects/deemcafe-223
[debug] [2025-06-11T21:05:20.397Z] >>> [apiv2][query] GET https://serviceusage.googleapis.com/v1/projects/deemcafe-223/services/artifactregistry.googleapis.com [none]
[debug] [2025-06-11T21:05:20.397Z] >>> [apiv2][(partial)header] GET https://serviceusage.googleapis.com/v1/projects/deemcafe-223/services/artifactregistry.googleapis.com x-goog-quota-user=projects/deemcafe-223
[debug] [2025-06-11T21:05:20.401Z] >>> [apiv2][query] GET https://serviceusage.googleapis.com/v1/projects/deemcafe-223/services/iam.googleapis.com [none]
[debug] [2025-06-11T21:05:20.401Z] >>> [apiv2][(partial)header] GET https://serviceusage.googleapis.com/v1/projects/deemcafe-223/services/iam.googleapis.com x-goog-quota-user=projects/deemcafe-223
[debug] [2025-06-11T21:05:20.574Z] <<< [apiv2][status] GET https://serviceusage.googleapis.com/v1/projects/deemcafe-223/services/developerconnect.googleapis.com 200
[debug] [2025-06-11T21:05:20.574Z] <<< [apiv2][body] GET https://serviceusage.googleapis.com/v1/projects/deemcafe-223/services/developerconnect.googleapis.com [omitted]
[debug] [2025-06-11T21:05:20.695Z] <<< [apiv2][status] GET https://serviceusage.googleapis.com/v1/projects/deemcafe-223/services/artifactregistry.googleapis.com 200
[debug] [2025-06-11T21:05:20.696Z] <<< [apiv2][body] GET https://serviceusage.googleapis.com/v1/projects/deemcafe-223/services/artifactregistry.googleapis.com [omitted]
[debug] [2025-06-11T21:05:20.720Z] <<< [apiv2][status] GET https://serviceusage.googleapis.com/v1/projects/deemcafe-223/services/secretmanager.googleapis.com 200
[debug] [2025-06-11T21:05:20.720Z] <<< [apiv2][body] GET https://serviceusage.googleapis.com/v1/projects/deemcafe-223/services/secretmanager.googleapis.com [omitted]
[debug] [2025-06-11T21:05:20.722Z] <<< [apiv2][status] GET https://serviceusage.googleapis.com/v1/projects/deemcafe-223/services/iam.googleapis.com 200
[debug] [2025-06-11T21:05:20.722Z] <<< [apiv2][body] GET https://serviceusage.googleapis.com/v1/projects/deemcafe-223/services/iam.googleapis.com [omitted]
[debug] [2025-06-11T21:05:20.723Z] <<< [apiv2][status] GET https://serviceusage.googleapis.com/v1/projects/deemcafe-223/services/cloudbuild.googleapis.com 200
[debug] [2025-06-11T21:05:20.723Z] <<< [apiv2][body] GET https://serviceusage.googleapis.com/v1/projects/deemcafe-223/services/cloudbuild.googleapis.com [omitted]
[debug] [2025-06-11T21:05:20.726Z] <<< [apiv2][status] GET https://serviceusage.googleapis.com/v1/projects/deemcafe-223/services/run.googleapis.com 200
[debug] [2025-06-11T21:05:20.726Z] <<< [apiv2][body] GET https://serviceusage.googleapis.com/v1/projects/deemcafe-223/services/run.googleapis.com [omitted]
[debug] [2025-06-11T21:05:20.727Z] Checked if tokens are valid: true, expires at: 1749678475682
[debug] [2025-06-11T21:05:20.727Z] Checked if tokens are valid: true, expires at: 1749678475682
[debug] [2025-06-11T21:05:20.727Z] >>> [apiv2][query] POST https://iam.googleapis.com/v1/projects/deemcafe-223/serviceAccounts/firebase-app-hosting-compute@deemcafe-223.iam.gserviceaccount.com:testIamPermissions [none]
[debug] [2025-06-11T21:05:20.728Z] >>> [apiv2][(partial)header] POST https://iam.googleapis.com/v1/projects/deemcafe-223/serviceAccounts/firebase-app-hosting-compute@deemcafe-223.iam.gserviceaccount.com:testIamPermissions x-goog-quota-user=projects/deemcafe-223
[debug] [2025-06-11T21:05:20.728Z] >>> [apiv2][body] POST https://iam.googleapis.com/v1/projects/deemcafe-223/serviceAccounts/firebase-app-hosting-compute@deemcafe-223.iam.gserviceaccount.com:testIamPermissions {"permissions":["iam.serviceAccounts.actAs"]}
[debug] [2025-06-11T21:05:20.985Z] <<< [apiv2][status] POST https://iam.googleapis.com/v1/projects/deemcafe-223/serviceAccounts/firebase-app-hosting-compute@deemcafe-223.iam.gserviceaccount.com:testIamPermissions 200
[debug] [2025-06-11T21:05:20.985Z] <<< [apiv2][body] POST https://iam.googleapis.com/v1/projects/deemcafe-223/serviceAccounts/firebase-app-hosting-compute@deemcafe-223.iam.gserviceaccount.com:testIamPermissions {"permissions":["iam.serviceAccounts.actAs"]}
[debug] [2025-06-11T21:05:20.986Z] Checked if tokens are valid: true, expires at: 1749678475682
[debug] [2025-06-11T21:05:20.986Z] Checked if tokens are valid: true, expires at: 1749678475682
[debug] [2025-06-11T21:05:20.987Z] >>> [apiv2][query] GET https://firebaseapphosting.googleapis.com/v1beta/projects/deemcafe-223/locations 
[debug] [2025-06-11T21:05:21.319Z] <<< [apiv2][status] GET https://firebaseapphosting.googleapis.com/v1beta/projects/deemcafe-223/locations 200
[debug] [2025-06-11T21:05:21.320Z] <<< [apiv2][body] GET https://firebaseapphosting.googleapis.com/v1beta/projects/deemcafe-223/locations {"locations":[{"name":"projects/deemcafe-223/locations/asia-east1","locationId":"asia-east1","displayName":"Taiwan"},{"name":"projects/deemcafe-223/locations/europe-west4","locationId":"europe-west4","displayName":"Netherlands"},{"name":"projects/deemcafe-223/locations/us-central1","locationId":"us-central1","displayName":"Iowa"}]}
[info] +  Location set to asia-east1.
 
[info] i  === Import a GitHub repository 
[debug] [2025-06-11T21:05:32.949Z] Checked if tokens are valid: true, expires at: 1749678475682
[debug] [2025-06-11T21:05:32.950Z] Checked if tokens are valid: true, expires at: 1749678475682
[debug] [2025-06-11T21:05:32.950Z] >>> [apiv2][query] GET https://developerconnect.googleapis.com/v1/projects/deemcafe-223/locations/asia-east1/connections pageSize=1000&pageToken=
[debug] [2025-06-11T21:05:34.126Z] <<< [apiv2][status] GET https://developerconnect.googleapis.com/v1/projects/deemcafe-223/locations/asia-east1/connections 200
[debug] [2025-06-11T21:05:34.126Z] <<< [apiv2][body] GET https://developerconnect.googleapis.com/v1/projects/deemcafe-223/locations/asia-east1/connections {"connections":[{"name":"projects/deemcafe-223/locations/asia-east1/connections/apphosting-github-conn-rs3vruv","createTime":"2025-06-10T03:36:39.267250676Z","updateTime":"2025-06-10T03:37:26.802795009Z","githubConfig":{"githubApp":"FIREBASE","authorizerCredential":{"oauthTokenSecretVersion":"projects/deemcafe-223/secrets/apphosting-github-conn-5aqwcg-github-oauthtoken-e2032d/versions/latest","username":"tranhoangminh1412"},"appInstallationId":"70611071","installationUri":"https://github.com/settings/installations/70611071"},"installationState":{"stage":"COMPLETE"}},{"name":"projects/deemcafe-223/locations/asia-east1/connections/apphosting-github-conn-5aqwcg","createTime":"2025-06-10T03:25:24.192331981Z","updateTime":"2025-06-10T03:29:45.111469236Z","githubConfig":{"githubApp":"FIREBASE","authorizerCredential":{"oauthTokenSecretVersion":"projects/deemcafe-223/secrets/apphosting-github-conn-5aqwcg-github-oauthtoken-e2032d/versions/latest","username":"tranhoangminh1412"},"appInstallationId":"70610144","installationUri":"https://github.com/settings/installations/70610144"},"installationState":{"stage":"COMPLETE"}}]}
[debug] [2025-06-11T21:05:34.127Z] Checked if tokens are valid: true, expires at: 1749678475682
[debug] [2025-06-11T21:05:34.127Z] Checked if tokens are valid: true, expires at: 1749678475682
[debug] [2025-06-11T21:05:34.127Z] >>> [apiv2][query] GET https://developerconnect.googleapis.com/v1/projects/deemcafe-223/locations/asia-east1/connections/apphosting-github-conn-rs3vruv:fetchGitHubInstallations [none]
[debug] [2025-06-11T21:05:35.138Z] <<< [apiv2][status] GET https://developerconnect.googleapis.com/v1/projects/deemcafe-223/locations/asia-east1/connections/apphosting-github-conn-rs3vruv:fetchGitHubInstallations 200
[debug] [2025-06-11T21:05:35.138Z] <<< [apiv2][body] GET https://developerconnect.googleapis.com/v1/projects/deemcafe-223/locations/asia-east1/connections/apphosting-github-conn-rs3vruv:fetchGitHubInstallations {"installations":[{"id":"70611071","name":"tranhoangminh1412","type":"user"}]}
[info] i  Install the Firebase App Hosting GitHub app on a new account to enable access to those repositories 
[info] i  https://github.com/apps/firebase-app-hosting/installations/new 
[debug] [2025-06-11T21:06:06.981Z] Checked if tokens are valid: true, expires at: 1749678475682
[debug] [2025-06-11T21:06:06.981Z] Checked if tokens are valid: true, expires at: 1749678475682
[debug] [2025-06-11T21:06:06.982Z] >>> [apiv2][query] GET https://developerconnect.googleapis.com/v1/projects/deemcafe-223/locations/asia-east1/connections/apphosting-github-conn-rs3vruv:fetchGitHubInstallations [none]
[debug] [2025-06-11T21:06:08.848Z] <<< [apiv2][status] GET https://developerconnect.googleapis.com/v1/projects/deemcafe-223/locations/asia-east1/connections/apphosting-github-conn-rs3vruv:fetchGitHubInstallations 200
[debug] [2025-06-11T21:06:08.849Z] <<< [apiv2][body] GET https://developerconnect.googleapis.com/v1/projects/deemcafe-223/locations/asia-east1/connections/apphosting-github-conn-rs3vruv:fetchGitHubInstallations {"installations":[{"id":"70611071","name":"tranhoangminh1412","type":"user"}]}
[info] i  Install the Firebase App Hosting GitHub app on a new account to enable access to those repositories 
[info] i  https://github.com/apps/firebase-app-hosting/installations/new 
[debug] [2025-06-11T21:09:45.732Z] Checked if tokens are valid: true, expires at: 1749678475682
[debug] [2025-06-11T21:09:45.732Z] Checked if tokens are valid: true, expires at: 1749678475682
[debug] [2025-06-11T21:09:45.733Z] >>> [apiv2][query] GET https://developerconnect.googleapis.com/v1/projects/deemcafe-223/locations/asia-east1/connections/apphosting-github-conn-rs3vruv:fetchGitHubInstallations [none]
[debug] [2025-06-11T21:09:47.665Z] <<< [apiv2][status] GET https://developerconnect.googleapis.com/v1/projects/deemcafe-223/locations/asia-east1/connections/apphosting-github-conn-rs3vruv:fetchGitHubInstallations 200
[debug] [2025-06-11T21:09:47.666Z] <<< [apiv2][body] GET https://developerconnect.googleapis.com/v1/projects/deemcafe-223/locations/asia-east1/connections/apphosting-github-conn-rs3vruv:fetchGitHubInstallations {"installations":[{"id":"70611071","name":"tranhoangminh1412","type":"user"}]}
